<?xml version="1.0" encoding="UTF-8"?>
<!-- Generated by org.testng.reporters.JUnitXMLReporter -->
<testsuite hostname="PC" name="CreateLead" tests="2" failures="0" timestamp="6 Sep 2014 19:12:24 GMT" time="0.005" errors="0">
  <testcase name="createLead" time="0.0" classname="com.qtpselenium.salesforce.testcases.CreateLead">
    <skipped/>
  </testcase> <!-- createLead -->
  <testcase name="createLead" time="0.001" classname="com.qtpselenium.salesforce.testcases.CreateLead">
    <skipped/>
  </testcase> <!-- createLead -->
</testsuite> <!-- CreateLead -->
