<?xml version="1.0" encoding="UTF-8"?>
<!-- Generated by org.testng.reporters.JUnitXMLReporter -->
<testsuite hostname="PC" name="Login" tests="4" failures="1" timestamp="6 Sep 2014 19:12:24 GMT" time="65.765" errors="0">
  <testcase name="doLogin" time="65.61" classname="com.qtpselenium.salesforce.testcases.LoginTest">
    <failure type="org.openqa.selenium.WebDriverException" message="Failed to connect to binary FirefoxBinary(C:\Program Files\Mozilla Firefox\firefox.exe) on port 7055; process output follows: 
ync provider shutdown done
System JS : ERROR resource://gre/components/nsSearchService.js:269 - NS_ERROR_ILLEGAL_VALUE: SRCH_SVC_moveEngine: Index out of bounds!
1410030700315	addons.manager	DEBUG	Loaded provider scope for resource://gre/modules/addons/XPIProvider.jsm: [&amp;quot;XPIProvider&amp;quot;]
1410030700317	addons.manager	DEBUG	Loaded provider scope for resource://gre/modules/LightweightThemeManager.jsm: [&amp;quot;LightweightThemeManager&amp;quot;]
1410030700320	addons.xpi	DEBUG	startup
1410030700321	addons.xpi	DEBUG	Skipping unavailable install location app-system-local
1410030700321	addons.xpi	DEBUG	Skipping unavailable install location app-system-share
1410030700322	addons.xpi	INFO	Mapping {82AF8DCA-6DE9-405D-BD5E-43525BDAD38A} to C:\Program Files\Mozilla Firefox\browser\extensions\{82AF8DCA-6DE9-405D-BD5E-43525BDAD38A}.xpi
1410030700323	addons.xpi	INFO	Mapping {972ce4c6-7e08-4474-a285-3208198ce6fd} to C:\Program Files\Mozilla Firefox\browser\extensions\{972ce4c6-7e08-4474-a285-3208198ce6fd}
1410030700324	addons.xpi	INFO	Mapping fxdriver@googlecode.com to C:\Users\Vibhor\AppData\Local\Temp\anonymous6518398692703482865webdriver-profile\extensions\fxdriver@googlecode.com
1410030700324	addons.xpi	DEBUG	Ignoring file entry whose name is not a valid add-on ID: C:\Users\Vibhor\AppData\Local\Temp\anonymous6518398692703482865webdriver-profile\extensions\webdriver-staging
1410030700324	addons.xpi	DEBUG	checkForChanges
1410030700340	addons.xpi	DEBUG	No changes found
1410030700345	addons.xpi	DEBUG	Registering manifest for C:\Program Files\Mozilla Firefox\browser\extensions\{82AF8DCA-6DE9-405D-BD5E-43525BDAD38A}.xpi
1410030700346	addons.xpi	DEBUG	Loading bootstrap scope from C:\Program Files\Mozilla Firefox\browser\extensions\{82AF8DCA-6DE9-405D-BD5E-43525BDAD38A}.xpi
1410030700354	addons.xpi	DEBUG	Calling bootstrap method startup on {82AF8DCA-6DE9-405D-BD5E-43525BDAD38A} version 7.3.16540.9015
*** Blocklist::_preloadBlocklistFile: blocklist is disabled
console.error: skype_ff_extension: 
  DEPRECATED: The widget module is deprecated.  Please consider using the sdk/ui module instead.
Traceback (most recent call last):
  File &amp;quot;resource://gre/modules/commonjs/sdk/addon/runner.js&amp;quot;, line 114, in startup/&amp;lt;
    run(options);
  File &amp;quot;resource://gre/modules/commonjs/sdk/addon/runner.js&amp;quot;, line 170, in run
    let program = main(options.loader, options.main);
  File &amp;quot;resource://gre/modules/commonjs/toolkit/loader.js&amp;quot;, line 645, in main
    return loader.load(loader, module).exports;
  File &amp;quot;resource://gre/modules/commonjs/sdk/loader/cuddlefish.js&amp;quot;, line 129, in CuddlefishLoader/options&amp;lt;.load
    result = load(loader, module);
  File &amp;quot;resource://gre/modules/commonjs/toolkit/loader.js&amp;quot;, line 299, in load
    evaluate(sandbox, module.uri);
  File &amp;quot;resource://gre/modules/commonjs/toolkit/loader.js&amp;quot;, line 262, in evaluate
    : loadSubScript(uri, sandbox, encoding);
  File &amp;quot;resource://skype_ff_extension-at-jetpack/skype_ff_extension/lib/main.js&amp;quot;, line 14, in null
    var widgets = require(&amp;quot;sdk/widget&amp;quot;);
  File &amp;quot;resource://gre/modules/commonjs/toolkit/loader.js&amp;quot;, line 619, in require
    freeze(load(loader, module));
  File &amp;quot;resource://gre/modules/commonjs/sdk/loader/cuddlefish.js&amp;quot;, line 129, in CuddlefishLoader/options&amp;lt;.load
    result = load(loader, module);
  File &amp;quot;resource://gre/modules/commonjs/toolkit/loader.js&amp;quot;, line 299, in load
    evaluate(sandbox, module.uri);
  File &amp;quot;resource://gre/modules/commonjs/toolkit/loader.js&amp;quot;, line 262, in evaluate
    : loadSubScript(uri, sandbox, encoding);
  File &amp;quot;resource://gre/modules/commonjs/sdk/widget.js&amp;quot;, line 60, in null
    &amp;quot;The widget module is deprecated.  &amp;quot; +
  File &amp;quot;resource://gre/modules/commonjs/sdk/util/deprecate.js&amp;quot;, line 18, in deprecateUsage
    let stack = get().slice(2);
System JS : ERROR resource://gre/components/nsSearchService.js:269 - NS_ERROR_ILLEGAL_VALUE: SRCH_SVC_moveEngine: Index out of bounds!
JavaScript error: resource://skype_ff_extension-at-jetpack/skype_ff_extension/data/c2c_options_menu_localization.js, line 189: document.getElementById(...) is null

Build info: version: &amp;apos;2.38.0&amp;apos;, revision: &amp;apos;bd32d4e&amp;apos;, time: &amp;apos;2013-12-05 16:16:40&amp;apos;
System info: host: &amp;apos;PC&amp;apos;, ip: &amp;apos;192.168.1.104&amp;apos;, os.name: &amp;apos;Windows 7&amp;apos;, os.arch: &amp;apos;x86&amp;apos;, os.version: &amp;apos;6.1&amp;apos;, java.version: &amp;apos;1.7.0_17&amp;apos;
Driver info: driver.version: FirefoxDriver">
      <![CDATA[org.openqa.selenium.WebDriverException: Failed to connect to binary FirefoxBinary(C:\Program Files\Mozilla Firefox\firefox.exe) on port 7055; process output follows: 
ync provider shutdown done
System JS : ERROR resource://gre/components/nsSearchService.js:269 - NS_ERROR_ILLEGAL_VALUE: SRCH_SVC_moveEngine: Index out of bounds!
1410030700315	addons.manager	DEBUG	Loaded provider scope for resource://gre/modules/addons/XPIProvider.jsm: ["XPIProvider"]
1410030700317	addons.manager	DEBUG	Loaded provider scope for resource://gre/modules/LightweightThemeManager.jsm: ["LightweightThemeManager"]
1410030700320	addons.xpi	DEBUG	startup
1410030700321	addons.xpi	DEBUG	Skipping unavailable install location app-system-local
1410030700321	addons.xpi	DEBUG	Skipping unavailable install location app-system-share
1410030700322	addons.xpi	INFO	Mapping {82AF8DCA-6DE9-405D-BD5E-43525BDAD38A} to C:\Program Files\Mozilla Firefox\browser\extensions\{82AF8DCA-6DE9-405D-BD5E-43525BDAD38A}.xpi
1410030700323	addons.xpi	INFO	Mapping {972ce4c6-7e08-4474-a285-3208198ce6fd} to C:\Program Files\Mozilla Firefox\browser\extensions\{972ce4c6-7e08-4474-a285-3208198ce6fd}
1410030700324	addons.xpi	INFO	Mapping fxdriver@googlecode.com to C:\Users\Vibhor\AppData\Local\Temp\anonymous6518398692703482865webdriver-profile\extensions\fxdriver@googlecode.com
1410030700324	addons.xpi	DEBUG	Ignoring file entry whose name is not a valid add-on ID: C:\Users\Vibhor\AppData\Local\Temp\anonymous6518398692703482865webdriver-profile\extensions\webdriver-staging
1410030700324	addons.xpi	DEBUG	checkForChanges
1410030700340	addons.xpi	DEBUG	No changes found
1410030700345	addons.xpi	DEBUG	Registering manifest for C:\Program Files\Mozilla Firefox\browser\extensions\{82AF8DCA-6DE9-405D-BD5E-43525BDAD38A}.xpi
1410030700346	addons.xpi	DEBUG	Loading bootstrap scope from C:\Program Files\Mozilla Firefox\browser\extensions\{82AF8DCA-6DE9-405D-BD5E-43525BDAD38A}.xpi
1410030700354	addons.xpi	DEBUG	Calling bootstrap method startup on {82AF8DCA-6DE9-405D-BD5E-43525BDAD38A} version 7.3.16540.9015
*** Blocklist::_preloadBlocklistFile: blocklist is disabled
console.error: skype_ff_extension: 
  DEPRECATED: The widget module is deprecated.  Please consider using the sdk/ui module instead.
Traceback (most recent call last):
  File "resource://gre/modules/commonjs/sdk/addon/runner.js", line 114, in startup/<
    run(options);
  File "resource://gre/modules/commonjs/sdk/addon/runner.js", line 170, in run
    let program = main(options.loader, options.main);
  File "resource://gre/modules/commonjs/toolkit/loader.js", line 645, in main
    return loader.load(loader, module).exports;
  File "resource://gre/modules/commonjs/sdk/loader/cuddlefish.js", line 129, in CuddlefishLoader/options<.load
    result = load(loader, module);
  File "resource://gre/modules/commonjs/toolkit/loader.js", line 299, in load
    evaluate(sandbox, module.uri);
  File "resource://gre/modules/commonjs/toolkit/loader.js", line 262, in evaluate
    : loadSubScript(uri, sandbox, encoding);
  File "resource://skype_ff_extension-at-jetpack/skype_ff_extension/lib/main.js", line 14, in null
    var widgets = require("sdk/widget");
  File "resource://gre/modules/commonjs/toolkit/loader.js", line 619, in require
    freeze(load(loader, module));
  File "resource://gre/modules/commonjs/sdk/loader/cuddlefish.js", line 129, in CuddlefishLoader/options<.load
    result = load(loader, module);
  File "resource://gre/modules/commonjs/toolkit/loader.js", line 299, in load
    evaluate(sandbox, module.uri);
  File "resource://gre/modules/commonjs/toolkit/loader.js", line 262, in evaluate
    : loadSubScript(uri, sandbox, encoding);
  File "resource://gre/modules/commonjs/sdk/widget.js", line 60, in null
    "The widget module is deprecated.  " +
  File "resource://gre/modules/commonjs/sdk/util/deprecate.js", line 18, in deprecateUsage
    let stack = get().slice(2);
System JS : ERROR resource://gre/components/nsSearchService.js:269 - NS_ERROR_ILLEGAL_VALUE: SRCH_SVC_moveEngine: Index out of bounds!
JavaScript error: resource://skype_ff_extension-at-jetpack/skype_ff_extension/data/c2c_options_menu_localization.js, line 189: document.getElementById(...) is null

Build info: version: '2.38.0', revision: 'bd32d4e', time: '2013-12-05 16:16:40'
System info: host: 'PC', ip: '192.168.1.104', os.name: 'Windows 7', os.arch: 'x86', os.version: '6.1', java.version: '1.7.0_17'
Driver info: driver.version: FirefoxDriver
	at org.openqa.selenium.firefox.internal.NewProfileExtensionConnection.start(NewProfileExtensionConnection.java:130)
	at org.openqa.selenium.firefox.FirefoxDriver.startClient(FirefoxDriver.java:250)
	at org.openqa.selenium.remote.RemoteWebDriver.<init>(RemoteWebDriver.java:110)
	at org.openqa.selenium.firefox.FirefoxDriver.<init>(FirefoxDriver.java:197)
	at org.openqa.selenium.firefox.FirefoxDriver.<init>(FirefoxDriver.java:190)
	at org.openqa.selenium.firefox.FirefoxDriver.<init>(FirefoxDriver.java:186)
	at org.openqa.selenium.firefox.FirefoxDriver.<init>(FirefoxDriver.java:99)
	at com.qtpselenium.util.Keywords.openBrowser(Keywords.java:135)
	at com.qtpselenium.util.Keywords.executeKeywords(Keywords.java:69)
	at com.qtpselenium.salesforce.testcases.LoginTest.doLogin(LoginTest.java:38)
Caused by: org.openqa.selenium.firefox.NotConnectedException: Unable to connect to host 127.0.0.1 on port 7055 after 45000 ms. Firefox console output:
ync provider shutdown done
System JS : ERROR resource://gre/components/nsSearchService.js:269 - NS_ERROR_ILLEGAL_VALUE: SRCH_SVC_moveEngine: Index out of bounds!
1410030700315	addons.manager	DEBUG	Loaded provider scope for resource://gre/modules/addons/XPIProvider.jsm: ["XPIProvider"]
1410030700317	addons.manager	DEBUG	Loaded provider scope for resource://gre/modules/LightweightThemeManager.jsm: ["LightweightThemeManager"]
1410030700320	addons.xpi	DEBUG	startup
1410030700321	addons.xpi	DEBUG	Skipping unavailable install location app-system-local
1410030700321	addons.xpi	DEBUG	Skipping unavailable install location app-system-share
1410030700322	addons.xpi	INFO	Mapping {82AF8DCA-6DE9-405D-BD5E-43525BDAD38A} to C:\Program Files\Mozilla Firefox\browser\extensions\{82AF8DCA-6DE9-405D-BD5E-43525BDAD38A}.xpi
1410030700323	addons.xpi	INFO	Mapping {972ce4c6-7e08-4474-a285-3208198ce6fd} to C:\Program Files\Mozilla Firefox\browser\extensions\{972ce4c6-7e08-4474-a285-3208198ce6fd}
1410030700324	addons.xpi	INFO	Mapping fxdriver@googlecode.com to C:\Users\Vibhor\AppData\Local\Temp\anonymous6518398692703482865webdriver-profile\extensions\fxdriver@googlecode.com
1410030700324	addons.xpi	DEBUG	Ignoring file entry whose name is not a valid add-on ID: C:\Users\Vibhor\AppData\Local\Temp\anonymous6518398692703482865webdriver-profile\extensions\webdriver-staging
1410030700324	addons.xpi	DEBUG	checkForChanges
1410030700340	addons.xpi	DEBUG	No changes found
1410030700345	addons.xpi	DEBUG	Registering manifest for C:\Program Files\Mozilla Firefox\browser\extensions\{82AF8DCA-6DE9-405D-BD5E-43525BDAD38A}.xpi
1410030700346	addons.xpi	DEBUG	Loading bootstrap scope from C:\Program Files\Mozilla Firefox\browser\extensions\{82AF8DCA-6DE9-405D-BD5E-43525BDAD38A}.xpi
1410030700354	addons.xpi	DEBUG	Calling bootstrap method startup on {82AF8DCA-6DE9-405D-BD5E-43525BDAD38A} version 7.3.16540.9015
*** Blocklist::_preloadBlocklistFile: blocklist is disabled
console.error: skype_ff_extension: 
  DEPRECATED: The widget module is deprecated.  Please consider using the sdk/ui module instead.
Traceback (most recent call last):
  File "resource://gre/modules/commonjs/sdk/addon/runner.js", line 114, in startup/<
    run(options);
  File "resource://gre/modules/commonjs/sdk/addon/runner.js", line 170, in run
    let program = main(options.loader, options.main);
  File "resource://gre/modules/commonjs/toolkit/loader.js", line 645, in main
    return loader.load(loader, module).exports;
  File "resource://gre/modules/commonjs/sdk/loader/cuddlefish.js", line 129, in CuddlefishLoader/options<.load
    result = load(loader, module);
  File "resource://gre/modules/commonjs/toolkit/loader.js", line 299, in load
    evaluate(sandbox, module.uri);
  File "resource://gre/modules/commonjs/toolkit/loader.js", line 262, in evaluate
    : loadSubScript(uri, sandbox, encoding);
  File "resource://skype_ff_extension-at-jetpack/skype_ff_extension/lib/main.js", line 14, in null
    var widgets = require("sdk/widget");
  File "resource://gre/modules/commonjs/toolkit/loader.js", line 619, in require
    freeze(load(loader, module));
  File "resource://gre/modules/commonjs/sdk/loader/cuddlefish.js", line 129, in CuddlefishLoader/options<.load
    result = load(loader, module);
  File "resource://gre/modules/commonjs/toolkit/loader.js", line 299, in load
    evaluate(sandbox, module.uri);
  File "resource://gre/modules/commonjs/toolkit/loader.js", line 262, in evaluate
    : loadSubScript(uri, sandbox, encoding);
  File "resource://gre/modules/commonjs/sdk/widget.js", line 60, in null
    "The widget module is deprecated.  " +
  File "resource://gre/modules/commonjs/sdk/util/deprecate.js", line 18, in deprecateUsage
    let stack = get().slice(2);
System JS : ERROR resource://gre/components/nsSearchService.js:269 - NS_ERROR_ILLEGAL_VALUE: SRCH_SVC_moveEngine: Index out of bounds!
JavaScript error: resource://skype_ff_extension-at-jetpack/skype_ff_extension/data/c2c_options_menu_localization.js, line 189: document.getElementById(...) is null

	at org.openqa.selenium.firefox.internal.NewProfileExtensionConnection.start(NewProfileExtensionConnection.java:118)
	... 32 more
... Removed 23 stack frames]]>
    </failure>
  </testcase> <!-- doLogin -->
  <testcase name="doLogin" time="0.001" classname="com.qtpselenium.salesforce.testcases.LoginTest">
    <skipped/>
  </testcase> <!-- doLogin -->
  <testcase name="doLogin" time="0.002" classname="com.qtpselenium.salesforce.testcases.LoginTest">
    <skipped/>
  </testcase> <!-- doLogin -->
  <testcase name="doLogin" time="0.001" classname="com.qtpselenium.salesforce.testcases.LoginTest">
    <skipped/>
  </testcase> <!-- doLogin -->
</testsuite> <!-- Login -->
