<?xml version="1.0" encoding="UTF-8"?>
<!-- Generated by org.testng.reporters.JUnitXMLReporter -->
<testsuite hostname="PC" name="MenuTest" tests="2" failures="0" timestamp="6 Sep 2014 19:12:24 GMT" time="0.004" errors="0">
  <testcase name="topMenuTest" time="0.001" classname="com.qtpselenium.salesforce.testcases.MenuTest">
    <skipped/>
  </testcase> <!-- topMenuTest -->
  <testcase name="topMenuTest" time="0.001" classname="com.qtpselenium.salesforce.testcases.MenuTest">
    <skipped/>
  </testcase> <!-- topMenuTest -->
</testsuite> <!-- MenuTest -->
