<?xml version="1.0" encoding="UTF-8"?>
<!-- Generated by org.testng.reporters.JUnitXMLReporter -->
<testsuite hostname="PC" name="Default test" tests="4" failures="0" timestamp="22 Mar 2014 09:59:35 GMT" time="17.17" errors="0">
  <testcase name="doLogin" time="17.02" classname="com.qtpselenium.salesforce.testcases.LoginTest"/>
  <testcase name="doLogin" time="0.002" classname="com.qtpselenium.salesforce.testcases.LoginTest">
    <skipped/>
  </testcase> <!-- doLogin -->
  <testcase name="doLogin" time="0.001" classname="com.qtpselenium.salesforce.testcases.LoginTest">
    <skipped/>
  </testcase> <!-- doLogin -->
  <testcase name="doLogin" time="0.001" classname="com.qtpselenium.salesforce.testcases.LoginTest">
    <skipped/>
  </testcase> <!-- doLogin -->
</testsuite> <!-- Default test -->
