<?xml version="1.0" encoding="UTF-8"?>
<!-- Generated by org.testng.reporters.JUnitXMLReporter -->
<testsuite hostname="vaibhav-PC" name="Create Lead Test" tests="2" failures="2" timestamp="11 May 2013 16:33:48 GMT" time="0.014" errors="0">
  <testcase name="createLead" time="0.001" classname="com.qtpselenium.salesforce.testcases.CreateLead">
    <failure type="java.lang.NullPointerException">
      <![CDATA[java.lang.NullPointerException
	at com.qtpselenium.util.Keywords.openBrowser(Keywords.java:46)
	at com.qtpselenium.salesforce.testcases.CreateLead.createLead(CreateLead.java:21)
... Removed 24 stack frames]]>
    </failure>
  </testcase> <!-- createLead -->
  <testcase name="createLead" time="0.001" classname="com.qtpselenium.salesforce.testcases.CreateLead">
    <failure type="java.lang.NullPointerException">
      <![CDATA[java.lang.NullPointerException
	at com.qtpselenium.util.Keywords.openBrowser(Keywords.java:46)
	at com.qtpselenium.salesforce.testcases.CreateLead.createLead(CreateLead.java:21)
... Removed 24 stack frames]]>
    </failure>
  </testcase> <!-- createLead -->
</testsuite> <!-- Create Lead Test -->
