<?xml version="1.0" encoding="UTF-8"?>
<!-- Generated by org.testng.reporters.JUnitXMLReporter -->
<testsuite hostname="vaibhav-PC" name="Menu Test" tests="2" failures="2" timestamp="11 May 2013 16:33:47 GMT" time="0.105" errors="0">
  <testcase name="topMenuTest" time="0.034" classname="com.qtpselenium.salesforce.testcases.MenuTest">
    <failure type="java.lang.IllegalArgumentException" message="argument type mismatch">
      <![CDATA[java.lang.IllegalArgumentException: argument type mismatch
... Removed 24 stack frames]]>
    </failure>
  </testcase> <!-- topMenuTest -->
  <testcase name="topMenuTest" time="0.002" classname="com.qtpselenium.salesforce.testcases.MenuTest">
    <failure type="java.lang.IllegalArgumentException" message="argument type mismatch">
      <![CDATA[java.lang.IllegalArgumentException: argument type mismatch
... Removed 24 stack frames]]>
    </failure>
  </testcase> <!-- topMenuTest -->
</testsuite> <!-- Menu Test -->
